c:\users\admin\desktop\cg\project\texturestest3 bis\cg_course\release\cg_course.pch
c:\users\admin\desktop\cg\project\texturestest3 bis\cg_course\release\vc140.pdb
c:\users\admin\desktop\cg\project\texturestest3 bis\cg_course\release\stdafx.obj
c:\users\admin\desktop\cg\project\texturestest3 bis\cg_course\release\boxes.obj
c:\users\admin\desktop\cg\project\texturestest3 bis\cg_course\release\glmain.obj
c:\users\admin\desktop\cg\project\texturestest3 bis\cg_course\release\bullet.obj
c:\users\admin\desktop\cg\project\texturestest3 bis\cg_course\release\avatar.obj
c:\users\admin\desktop\cg\project\texturestest3 bis\cg_course\release\texture.obj
c:\users\admin\desktop\cg\project\texturestest3 bis\cg_course\release\spheres.obj
c:\users\admin\desktop\cg\project\texturestest3 bis\cg_course\release\object.obj
c:\users\admin\desktop\cg\project\texturestest3 bis\cg_course\release\decorations.obj
c:\users\admin\desktop\cg\project\texturestest3 bis\cg_course\release\cylinder.obj
c:\users\admin\desktop\cg\project\texturestest3 bis\release\cg_course.exe
c:\users\admin\desktop\cg\project\texturestest3 bis\release\cg_course.ipdb
c:\users\admin\desktop\cg\project\texturestest3 bis\release\cg_course.iobj
c:\users\admin\desktop\cg\project\texturestest3 bis\release\cg_course.pdb
c:\users\admin\desktop\cg\project\texturestest3 bis\cg_course\release\cg_course.tlog\cl.command.1.tlog
c:\users\admin\desktop\cg\project\texturestest3 bis\cg_course\release\cg_course.tlog\cl.read.1.tlog
c:\users\admin\desktop\cg\project\texturestest3 bis\cg_course\release\cg_course.tlog\cl.write.1.tlog
c:\users\admin\desktop\cg\project\texturestest3 bis\cg_course\release\cg_course.tlog\link.command.1.tlog
c:\users\admin\desktop\cg\project\texturestest3 bis\cg_course\release\cg_course.tlog\link.read.1.tlog
c:\users\admin\desktop\cg\project\texturestest3 bis\cg_course\release\cg_course.tlog\link.write.1.tlog
